------------------------------------------------------------------------------------------------------------------------

[2023-10-11 10:31:14 #1 store] 
Database 'C:\Users\larbu\git\SI-Bets\src\main\resources\bets.temp' has been recovered (tr. 950-968)

[2023-10-11 10:31:14 #2 store] 
Database 'C:\Users\larbu\git\SI-Bets\src\main\resources\bets.temp' is opened by 3592@LAPTOP-6EQJO4RK

[2023-10-11 10:31:14 #3 type] 
Type domain.Event is not enhanced.

[2023-10-11 10:31:14 #4 type] 
Type domain.Question is not enhanced.

[2023-10-11 10:31:14 #5 type] 
Type domain.Aukera is not enhanced.

[2023-10-11 10:31:14 #6 type] 
Type domain.Apustua is not enhanced.

[2023-10-11 10:31:14 #7 type] 
Type domain.User is not enhanced.

[2023-10-11 10:31:14 #8 type] 
Type domain.Erregistratua is not enhanced.

[2023-10-11 10:31:14 #9 type] 
Type domain.Mezua is not enhanced.

[2023-10-11 10:31:14 #10 type] 
Type domain.Mugimendua is not enhanced.

[2023-10-11 10:31:14 #11 type] 
Type domain.Admin is not enhanced.

[2023-10-11 10:31:14 #12 type] 
Type domain.Editorea is not enhanced.

------------------------------------------------------------------------------------------------------------------------

[2023-10-11 10:31:35 #1 store] 
Database 'C:\Users\larbu\git\SI-Bets\src\main\resources\bets.temp' has been recovered (tr. 969-970)

[2023-10-11 10:31:35 #2 store] 
Database 'C:\Users\larbu\git\SI-Bets\src\main\resources\bets.temp' is opened by 20068@LAPTOP-6EQJO4RK

[2023-10-11 10:31:35 #3 type] 
Type domain.Event is not enhanced.

[2023-10-11 10:31:35 #4 type] 
Type domain.Question is not enhanced.

[2023-10-11 10:31:35 #5 type] 
Type domain.Aukera is not enhanced.

[2023-10-11 10:31:35 #6 type] 
Type domain.Apustua is not enhanced.

[2023-10-11 10:31:35 #7 type] 
Type domain.User is not enhanced.

[2023-10-11 10:31:35 #8 type] 
Type domain.Erregistratua is not enhanced.

[2023-10-11 10:31:35 #9 type] 
Type domain.Mezua is not enhanced.

[2023-10-11 10:31:35 #10 type] 
Type domain.Mugimendua is not enhanced.

[2023-10-11 10:31:35 #11 type] 
Type domain.Admin is not enhanced.

[2023-10-11 10:31:35 #12 type] 
Type domain.Editorea is not enhanced.

------------------------------------------------------------------------------------------------------------------------

[2023-10-11 10:44:08 #1 store] 
Database 'C:\Users\larbu\git\SI-Bets\src\main\resources\bets.temp' has been recovered (tr. 971-972)

[2023-10-11 10:44:08 #2 store] 
Database 'C:\Users\larbu\git\SI-Bets\src\main\resources\bets.temp' is opened by 12584@LAPTOP-6EQJO4RK

[2023-10-11 10:44:08 #3 type] 
Type domain.Event is not enhanced.

[2023-10-11 10:44:08 #4 type] 
Type domain.Question is not enhanced.

[2023-10-11 10:44:08 #5 type] 
Type domain.Aukera is not enhanced.

[2023-10-11 10:44:08 #6 type] 
Type domain.Apustua is not enhanced.

[2023-10-11 10:44:08 #7 type] 
Type domain.User is not enhanced.

[2023-10-11 10:44:08 #8 type] 
Type domain.Erregistratua is not enhanced.

[2023-10-11 10:44:08 #9 type] 
Type domain.Mezua is not enhanced.

[2023-10-11 10:44:08 #10 type] 
Type domain.Mugimendua is not enhanced.

[2023-10-11 10:44:08 #11 type] 
Type domain.Admin is not enhanced.

[2023-10-11 10:44:08 #12 type] 
Type domain.Editorea is not enhanced.

------------------------------------------------------------------------------------------------------------------------

[2023-10-11 10:44:37 #1 store] 
Database 'C:\Users\larbu\git\SI-Bets\src\main\resources\bets.temp' has been recovered (tr. 973-975)

[2023-10-11 10:44:37 #2 store] 
Database 'C:\Users\larbu\git\SI-Bets\src\main\resources\bets.temp' is opened by 28696@LAPTOP-6EQJO4RK

[2023-10-11 10:44:37 #3 type] 
Type domain.Event is not enhanced.

[2023-10-11 10:44:37 #4 type] 
Type domain.Question is not enhanced.

[2023-10-11 10:44:37 #5 type] 
Type domain.Aukera is not enhanced.

[2023-10-11 10:44:37 #6 type] 
Type domain.Apustua is not enhanced.

[2023-10-11 10:44:37 #7 type] 
Type domain.User is not enhanced.

[2023-10-11 10:44:37 #8 type] 
Type domain.Erregistratua is not enhanced.

[2023-10-11 10:44:37 #9 type] 
Type domain.Mezua is not enhanced.

[2023-10-11 10:44:37 #10 type] 
Type domain.Mugimendua is not enhanced.

[2023-10-11 10:44:37 #11 type] 
Type domain.Admin is not enhanced.

[2023-10-11 10:44:37 #12 type] 
Type domain.Editorea is not enhanced.

------------------------------------------------------------------------------------------------------------------------

[2023-10-11 10:44:55 #1 store] 
Database 'C:\Users\larbu\git\SI-Bets\src\main\resources\bets.temp' has been recovered (tr. 976-979)

[2023-10-11 10:44:55 #2 store] 
Database 'C:\Users\larbu\git\SI-Bets\src\main\resources\bets.temp' is opened by 18944@LAPTOP-6EQJO4RK

[2023-10-11 10:44:55 #3 type] 
Type domain.Event is not enhanced.

[2023-10-11 10:44:55 #4 type] 
Type domain.Question is not enhanced.

[2023-10-11 10:44:55 #5 type] 
Type domain.Aukera is not enhanced.

[2023-10-11 10:44:55 #6 type] 
Type domain.Apustua is not enhanced.

[2023-10-11 10:44:55 #7 type] 
Type domain.User is not enhanced.

[2023-10-11 10:44:55 #8 type] 
Type domain.Erregistratua is not enhanced.

[2023-10-11 10:44:55 #9 type] 
Type domain.Mezua is not enhanced.

[2023-10-11 10:44:55 #10 type] 
Type domain.Mugimendua is not enhanced.

[2023-10-11 10:44:55 #11 type] 
Type domain.Admin is not enhanced.

[2023-10-11 10:44:55 #12 type] 
Type domain.Editorea is not enhanced.

------------------------------------------------------------------------------------------------------------------------

[2023-10-11 10:48:52 #1 store] 
Database 'C:\Users\larbu\git\SI-Bets\src\main\resources\bets.temp' has been recovered (tr. 980-983)

[2023-10-11 10:48:52 #2 store] 
Database 'C:\Users\larbu\git\SI-Bets\src\main\resources\bets.temp' is opened by 24348@LAPTOP-6EQJO4RK

[2023-10-11 10:48:52 #3 type] 
Type domain.Event is not enhanced.

[2023-10-11 10:48:52 #4 type] 
Type domain.Question is not enhanced.

[2023-10-11 10:48:52 #5 type] 
Type domain.Aukera is not enhanced.

[2023-10-11 10:48:52 #6 type] 
Type domain.Apustua is not enhanced.

[2023-10-11 10:48:52 #7 type] 
Type domain.User is not enhanced.

[2023-10-11 10:48:52 #8 type] 
Type domain.Erregistratua is not enhanced.

[2023-10-11 10:48:52 #9 type] 
Type domain.Mezua is not enhanced.

[2023-10-11 10:48:52 #10 type] 
Type domain.Mugimendua is not enhanced.

[2023-10-11 10:48:52 #11 type] 
Type domain.Admin is not enhanced.

[2023-10-11 10:48:52 #12 type] 
Type domain.Editorea is not enhanced.

------------------------------------------------------------------------------------------------------------------------

[2023-10-11 10:52:48 #1 store] 
Database 'C:\Users\larbu\git\SI-Bets\src\main\resources\bets.temp' has been recovered (tr. 984-989)

[2023-10-11 10:52:48 #2 store] 
Database 'C:\Users\larbu\git\SI-Bets\src\main\resources\bets.temp' is opened by 19132@LAPTOP-6EQJO4RK

[2023-10-11 10:52:48 #3 type] 
Type domain.Event is not enhanced.

[2023-10-11 10:52:48 #4 type] 
Type domain.Question is not enhanced.

[2023-10-11 10:52:48 #5 type] 
Type domain.Aukera is not enhanced.

[2023-10-11 10:52:48 #6 type] 
Type domain.Apustua is not enhanced.

[2023-10-11 10:52:48 #7 type] 
Type domain.User is not enhanced.

[2023-10-11 10:52:48 #8 type] 
Type domain.Erregistratua is not enhanced.

[2023-10-11 10:52:48 #9 type] 
Type domain.Mezua is not enhanced.

[2023-10-11 10:52:48 #10 type] 
Type domain.Mugimendua is not enhanced.

[2023-10-11 10:52:48 #11 type] 
Type domain.Admin is not enhanced.

[2023-10-11 10:52:48 #12 type] 
Type domain.Editorea is not enhanced.

