------------------------------------------------------------------------------------------------------------------------

[2023-10-19 10:47:00 #1 store] 
Database 'C:\Users\carre\git\SI-Bets_galdetegia\src\main\resources\bets.temp' has been recovered (tr. 2848-2952)

[2023-10-19 10:47:01 #2 store] 
Database 'C:\Users\carre\git\SI-Bets_galdetegia\src\main\resources\bets.temp' is opened by 4520@MSI

[2023-10-19 10:47:01 #3 type] 
Type domain.Aukera is not enhanced.

[2023-10-19 10:47:01 #4 type] 
Type domain.Apustua is not enhanced.

[2023-10-19 10:47:01 #5 type] 
Type domain.Question is not enhanced.

[2023-10-19 10:47:01 #6 type] 
Type domain.Event is not enhanced.

[2023-10-19 10:47:01 #7 type] 
Type domain.User is not enhanced.

[2023-10-19 10:47:01 #8 type] 
Type domain.Erregistratua is not enhanced.

[2023-10-19 10:47:01 #9 type] 
Type domain.Mezua is not enhanced.

[2023-10-19 10:47:01 #10 type] 
Type domain.Mugimendua is not enhanced.

[2023-10-19 10:47:01 #11 type] 
Type domain.Admin is not enhanced.

[2023-10-19 10:47:01 #12 type] 
Type domain.Editorea is not enhanced.

------------------------------------------------------------------------------------------------------------------------

[2023-10-19 10:48:44 #1 store] 
Database 'C:\Users\carre\git\SI-Bets_galdetegia\src\main\resources\bets.temp' has been recovered (tr. 2953-2962)

[2023-10-19 10:48:45 #2 store] 
Database 'C:\Users\carre\git\SI-Bets_galdetegia\src\main\resources\bets.temp' is opened by 20948@MSI

[2023-10-19 10:48:45 #3 type] 
Type domain.Aukera is not enhanced.

[2023-10-19 10:48:45 #4 type] 
Type domain.Apustua is not enhanced.

[2023-10-19 10:48:45 #5 type] 
Type domain.Question is not enhanced.

[2023-10-19 10:48:45 #6 type] 
Type domain.Event is not enhanced.

[2023-10-19 10:48:45 #7 type] 
Type domain.User is not enhanced.

[2023-10-19 10:48:45 #8 type] 
Type domain.Erregistratua is not enhanced.

[2023-10-19 10:48:45 #9 type] 
Type domain.Mezua is not enhanced.

[2023-10-19 10:48:45 #10 type] 
Type domain.Mugimendua is not enhanced.

[2023-10-19 10:48:45 #11 type] 
Type domain.Admin is not enhanced.

[2023-10-19 10:48:45 #12 type] 
Type domain.Editorea is not enhanced.

------------------------------------------------------------------------------------------------------------------------

[2023-10-19 10:49:25 #1 store] 
Database 'C:\Users\carre\git\SI-Bets_galdetegia\src\main\resources\bets.temp' has been recovered (tr. 2963-2972)

[2023-10-19 10:49:25 #2 store] 
Database 'C:\Users\carre\git\SI-Bets_galdetegia\src\main\resources\bets.temp' is opened by 23068@MSI

[2023-10-19 10:49:25 #3 type] 
Type domain.Aukera is not enhanced.

[2023-10-19 10:49:25 #4 type] 
Type domain.Apustua is not enhanced.

[2023-10-19 10:49:25 #5 type] 
Type domain.Question is not enhanced.

[2023-10-19 10:49:25 #6 type] 
Type domain.Event is not enhanced.

[2023-10-19 10:49:25 #7 type] 
Type domain.User is not enhanced.

[2023-10-19 10:49:25 #8 type] 
Type domain.Erregistratua is not enhanced.

[2023-10-19 10:49:25 #9 type] 
Type domain.Mezua is not enhanced.

[2023-10-19 10:49:25 #10 type] 
Type domain.Mugimendua is not enhanced.

[2023-10-19 10:49:25 #11 type] 
Type domain.Admin is not enhanced.

[2023-10-19 10:49:25 #12 type] 
Type domain.Editorea is not enhanced.

------------------------------------------------------------------------------------------------------------------------

[2023-10-19 10:50:33 #1 store] 
Database 'C:\Users\carre\git\SI-Bets_galdetegia\src\main\resources\bets.temp' has been recovered (tr. 2973-2980)

[2023-10-19 10:50:33 #2 store] 
Database 'C:\Users\carre\git\SI-Bets_galdetegia\src\main\resources\bets.temp' is opened by 13468@MSI

[2023-10-19 10:50:33 #3 type] 
Type domain.Aukera is not enhanced.

[2023-10-19 10:50:33 #4 type] 
Type domain.Apustua is not enhanced.

[2023-10-19 10:50:33 #5 type] 
Type domain.Question is not enhanced.

[2023-10-19 10:50:33 #6 type] 
Type domain.Event is not enhanced.

[2023-10-19 10:50:33 #7 type] 
Type domain.User is not enhanced.

[2023-10-19 10:50:33 #8 type] 
Type domain.Erregistratua is not enhanced.

[2023-10-19 10:50:33 #9 type] 
Type domain.Mezua is not enhanced.

[2023-10-19 10:50:33 #10 type] 
Type domain.Mugimendua is not enhanced.

[2023-10-19 10:50:33 #11 type] 
Type domain.Admin is not enhanced.

[2023-10-19 10:50:33 #12 type] 
Type domain.Editorea is not enhanced.

------------------------------------------------------------------------------------------------------------------------

[2023-10-19 10:51:49 #1 store] 
Database 'C:\Users\carre\git\SI-Bets_galdetegia\src\main\resources\bets.temp' has been recovered (tr. 2981-2988)

[2023-10-19 10:51:49 #2 store] 
Database 'C:\Users\carre\git\SI-Bets_galdetegia\src\main\resources\bets.temp' is opened by 4128@MSI

[2023-10-19 10:51:49 #3 type] 
Type domain.Aukera is not enhanced.

[2023-10-19 10:51:49 #4 type] 
Type domain.Apustua is not enhanced.

[2023-10-19 10:51:49 #5 type] 
Type domain.Question is not enhanced.

[2023-10-19 10:51:49 #6 type] 
Type domain.Event is not enhanced.

[2023-10-19 10:51:49 #7 type] 
Type domain.User is not enhanced.

[2023-10-19 10:51:49 #8 type] 
Type domain.Erregistratua is not enhanced.

[2023-10-19 10:51:49 #9 type] 
Type domain.Mezua is not enhanced.

[2023-10-19 10:51:49 #10 type] 
Type domain.Mugimendua is not enhanced.

[2023-10-19 10:51:49 #11 type] 
Type domain.Admin is not enhanced.

[2023-10-19 10:51:49 #12 type] 
Type domain.Editorea is not enhanced.

------------------------------------------------------------------------------------------------------------------------

[2023-10-19 10:59:30 #1 store] 
Database 'C:\Users\carre\git\SI-Bets_galdetegia\src\main\resources\bets.temp' has been recovered (tr. 2989-2996)

[2023-10-19 10:59:30 #2 store] 
Database 'C:\Users\carre\git\SI-Bets_galdetegia\src\main\resources\bets.temp' is opened by 9568@MSI

[2023-10-19 10:59:30 #3 type] 
Type domain.Aukera is not enhanced.

[2023-10-19 10:59:30 #4 type] 
Type domain.Apustua is not enhanced.

[2023-10-19 10:59:30 #5 type] 
Type domain.Question is not enhanced.

[2023-10-19 10:59:30 #6 type] 
Type domain.Event is not enhanced.

[2023-10-19 10:59:30 #7 type] 
Type domain.User is not enhanced.

[2023-10-19 10:59:30 #8 type] 
Type domain.Erregistratua is not enhanced.

[2023-10-19 10:59:30 #9 type] 
Type domain.Mezua is not enhanced.

[2023-10-19 10:59:30 #10 type] 
Type domain.Mugimendua is not enhanced.

[2023-10-19 10:59:30 #11 type] 
Type domain.Admin is not enhanced.

[2023-10-19 10:59:30 #12 type] 
Type domain.Editorea is not enhanced.

------------------------------------------------------------------------------------------------------------------------

[2023-10-19 11:01:00 #1 store] 
Database 'C:\Users\carre\git\SI-Bets_galdetegia\src\main\resources\bets.temp' has been recovered (tr. 2997-2999)

[2023-10-19 11:01:00 #2 store] 
Database 'C:\Users\carre\git\SI-Bets_galdetegia\src\main\resources\bets.temp' is opened by 8992@MSI

[2023-10-19 11:01:01 #3 type] 
Type domain.Aukera is not enhanced.

[2023-10-19 11:01:01 #4 type] 
Type domain.Apustua is not enhanced.

[2023-10-19 11:01:01 #5 type] 
Type domain.Question is not enhanced.

[2023-10-19 11:01:01 #6 type] 
Type domain.Event is not enhanced.

[2023-10-19 11:01:01 #7 type] 
Type domain.User is not enhanced.

[2023-10-19 11:01:01 #8 type] 
Type domain.Erregistratua is not enhanced.

[2023-10-19 11:01:01 #9 type] 
Type domain.Mezua is not enhanced.

[2023-10-19 11:01:01 #10 type] 
Type domain.Mugimendua is not enhanced.

[2023-10-19 11:01:01 #11 type] 
Type domain.Admin is not enhanced.

[2023-10-19 11:01:01 #12 type] 
Type domain.Editorea is not enhanced.

------------------------------------------------------------------------------------------------------------------------

[2023-10-19 11:01:42 #1 store] 
Database 'C:\Users\carre\git\SI-Bets_galdetegia\src\main\resources\bets.temp' has been recovered (tr. 3000-3002)

[2023-10-19 11:01:42 #2 store] 
Database 'C:\Users\carre\git\SI-Bets_galdetegia\src\main\resources\bets.temp' is opened by 14588@MSI

[2023-10-19 11:01:42 #3 type] 
Type domain.Aukera is not enhanced.

[2023-10-19 11:01:42 #4 type] 
Type domain.Apustua is not enhanced.

[2023-10-19 11:01:42 #5 type] 
Type domain.Question is not enhanced.

[2023-10-19 11:01:42 #6 type] 
Type domain.Event is not enhanced.

[2023-10-19 11:01:42 #7 type] 
Type domain.User is not enhanced.

[2023-10-19 11:01:42 #8 type] 
Type domain.Erregistratua is not enhanced.

[2023-10-19 11:01:42 #9 type] 
Type domain.Mezua is not enhanced.

[2023-10-19 11:01:42 #10 type] 
Type domain.Mugimendua is not enhanced.

[2023-10-19 11:01:42 #11 type] 
Type domain.Admin is not enhanced.

[2023-10-19 11:01:42 #12 type] 
Type domain.Editorea is not enhanced.

------------------------------------------------------------------------------------------------------------------------

[2023-10-19 11:02:45 #1 store] 
Database 'C:\Users\carre\git\SI-Bets_galdetegia\src\main\resources\bets.temp' has been recovered (tr. 3003-3005)

[2023-10-19 11:02:45 #2 store] 
Database 'C:\Users\carre\git\SI-Bets_galdetegia\src\main\resources\bets.temp' is opened by 15788@MSI

[2023-10-19 11:02:45 #3 type] 
Type domain.Aukera is not enhanced.

[2023-10-19 11:02:45 #4 type] 
Type domain.Apustua is not enhanced.

[2023-10-19 11:02:45 #5 type] 
Type domain.Question is not enhanced.

[2023-10-19 11:02:45 #6 type] 
Type domain.Event is not enhanced.

[2023-10-19 11:02:45 #7 type] 
Type domain.User is not enhanced.

[2023-10-19 11:02:45 #8 type] 
Type domain.Erregistratua is not enhanced.

[2023-10-19 11:02:45 #9 type] 
Type domain.Mezua is not enhanced.

[2023-10-19 11:02:45 #10 type] 
Type domain.Mugimendua is not enhanced.

[2023-10-19 11:02:45 #11 type] 
Type domain.Admin is not enhanced.

[2023-10-19 11:02:45 #12 type] 
Type domain.Editorea is not enhanced.

------------------------------------------------------------------------------------------------------------------------

[2023-10-19 11:04:09 #1 store] 
Database 'C:\Users\carre\git\SI-Bets_galdetegia\src\main\resources\bets.temp' is opened by 14668@MSI

[2023-10-19 11:04:09 #2 type] 
Type domain.Aukera is not enhanced.

[2023-10-19 11:04:09 #3 type] 
Type domain.Apustua is not enhanced.

[2023-10-19 11:04:09 #4 type] 
Type domain.Question is not enhanced.

[2023-10-19 11:04:09 #5 type] 
Type domain.Event is not enhanced.

[2023-10-19 11:04:09 #6 type] 
Type domain.User is not enhanced.

[2023-10-19 11:04:09 #7 type] 
Type domain.Erregistratua is not enhanced.

[2023-10-19 11:04:09 #8 type] 
Type domain.Mezua is not enhanced.

[2023-10-19 11:04:09 #9 type] 
Type domain.Mugimendua is not enhanced.

[2023-10-19 11:04:09 #10 type] 
Type domain.Admin is not enhanced.

[2023-10-19 11:04:09 #11 type] 
Type domain.Editorea is not enhanced.

------------------------------------------------------------------------------------------------------------------------

[2023-10-19 11:04:49 #1 store] 
Database 'C:\Users\carre\git\SI-Bets_galdetegia\src\main\resources\bets.temp' is opened by 13468@MSI

[2023-10-19 11:04:50 #2 type] 
Type domain.Aukera is not enhanced.

[2023-10-19 11:04:50 #3 type] 
Type domain.Apustua is not enhanced.

[2023-10-19 11:04:50 #4 type] 
Type domain.Question is not enhanced.

[2023-10-19 11:04:50 #5 type] 
Type domain.Event is not enhanced.

[2023-10-19 11:04:50 #6 type] 
Type domain.User is not enhanced.

[2023-10-19 11:04:50 #7 type] 
Type domain.Erregistratua is not enhanced.

[2023-10-19 11:04:50 #8 type] 
Type domain.Mezua is not enhanced.

[2023-10-19 11:04:50 #9 type] 
Type domain.Mugimendua is not enhanced.

[2023-10-19 11:04:50 #10 type] 
Type domain.Admin is not enhanced.

[2023-10-19 11:04:50 #11 type] 
Type domain.Editorea is not enhanced.

------------------------------------------------------------------------------------------------------------------------

[2023-10-19 11:06:26 #1 store] 
Database 'C:\Users\carre\git\SI-Bets_galdetegia\src\main\resources\bets.temp' has been recovered (tr. 3006-3008)

[2023-10-19 11:06:26 #2 store] 
Database 'C:\Users\carre\git\SI-Bets_galdetegia\src\main\resources\bets.temp' is opened by 2100@MSI

[2023-10-19 11:06:27 #3 type] 
Type domain.Aukera is not enhanced.

[2023-10-19 11:06:27 #4 type] 
Type domain.Apustua is not enhanced.

[2023-10-19 11:06:27 #5 type] 
Type domain.Question is not enhanced.

[2023-10-19 11:06:27 #6 type] 
Type domain.Event is not enhanced.

[2023-10-19 11:06:27 #7 type] 
Type domain.User is not enhanced.

[2023-10-19 11:06:27 #8 type] 
Type domain.Erregistratua is not enhanced.

[2023-10-19 11:06:27 #9 type] 
Type domain.Mezua is not enhanced.

[2023-10-19 11:06:27 #10 type] 
Type domain.Mugimendua is not enhanced.

[2023-10-19 11:06:27 #11 type] 
Type domain.Admin is not enhanced.

[2023-10-19 11:06:27 #12 type] 
Type domain.Editorea is not enhanced.

------------------------------------------------------------------------------------------------------------------------

[2023-10-19 11:08:19 #1 store] 
Database 'C:\Users\carre\git\SI-Bets_galdetegia\src\main\resources\bets.temp' has been recovered (tr. 3009-3011)

[2023-10-19 11:08:19 #2 store] 
Database 'C:\Users\carre\git\SI-Bets_galdetegia\src\main\resources\bets.temp' is opened by 22748@MSI

[2023-10-19 11:08:19 #3 type] 
Type domain.Aukera is not enhanced.

[2023-10-19 11:08:19 #4 type] 
Type domain.Apustua is not enhanced.

[2023-10-19 11:08:19 #5 type] 
Type domain.Question is not enhanced.

[2023-10-19 11:08:19 #6 type] 
Type domain.Event is not enhanced.

[2023-10-19 11:08:19 #7 type] 
Type domain.User is not enhanced.

[2023-10-19 11:08:19 #8 type] 
Type domain.Erregistratua is not enhanced.

[2023-10-19 11:08:19 #9 type] 
Type domain.Mezua is not enhanced.

[2023-10-19 11:08:19 #10 type] 
Type domain.Mugimendua is not enhanced.

[2023-10-19 11:08:19 #11 type] 
Type domain.Admin is not enhanced.

[2023-10-19 11:08:19 #12 type] 
Type domain.Editorea is not enhanced.

------------------------------------------------------------------------------------------------------------------------

[2023-10-19 11:09:04 #1 store] 
Database 'C:\Users\carre\git\SI-Bets_galdetegia\src\main\resources\bets.temp' has been recovered (tr. 3012-3014)

[2023-10-19 11:09:04 #2 store] 
Database 'C:\Users\carre\git\SI-Bets_galdetegia\src\main\resources\bets.temp' is opened by 6920@MSI

[2023-10-19 11:09:04 #3 type] 
Type domain.Aukera is not enhanced.

[2023-10-19 11:09:04 #4 type] 
Type domain.Apustua is not enhanced.

[2023-10-19 11:09:04 #5 type] 
Type domain.Question is not enhanced.

[2023-10-19 11:09:04 #6 type] 
Type domain.Event is not enhanced.

[2023-10-19 11:09:04 #7 type] 
Type domain.User is not enhanced.

[2023-10-19 11:09:04 #8 type] 
Type domain.Erregistratua is not enhanced.

[2023-10-19 11:09:04 #9 type] 
Type domain.Mezua is not enhanced.

[2023-10-19 11:09:04 #10 type] 
Type domain.Mugimendua is not enhanced.

[2023-10-19 11:09:04 #11 type] 
Type domain.Admin is not enhanced.

[2023-10-19 11:09:04 #12 type] 
Type domain.Editorea is not enhanced.

------------------------------------------------------------------------------------------------------------------------

[2023-10-19 11:09:37 #1 store] 
Database 'C:\Users\carre\git\SI-Bets_galdetegia\src\main\resources\bets.temp' has been recovered (tr. 3015-3019)

[2023-10-19 11:09:37 #2 store] 
Database 'C:\Users\carre\git\SI-Bets_galdetegia\src\main\resources\bets.temp' is opened by 12992@MSI

[2023-10-19 11:09:38 #3 type] 
Type domain.Aukera is not enhanced.

[2023-10-19 11:09:38 #4 type] 
Type domain.Apustua is not enhanced.

[2023-10-19 11:09:38 #5 type] 
Type domain.Question is not enhanced.

[2023-10-19 11:09:38 #6 type] 
Type domain.Event is not enhanced.

[2023-10-19 11:09:38 #7 type] 
Type domain.User is not enhanced.

[2023-10-19 11:09:38 #8 type] 
Type domain.Erregistratua is not enhanced.

[2023-10-19 11:09:38 #9 type] 
Type domain.Mezua is not enhanced.

[2023-10-19 11:09:38 #10 type] 
Type domain.Mugimendua is not enhanced.

[2023-10-19 11:09:38 #11 type] 
Type domain.Admin is not enhanced.

[2023-10-19 11:09:38 #12 type] 
Type domain.Editorea is not enhanced.

------------------------------------------------------------------------------------------------------------------------

[2023-10-19 11:10:08 #1 store] 
Database 'C:\Users\carre\git\SI-Bets_galdetegia\src\main\resources\bets.temp' has been recovered (tr. 3020-3021)

[2023-10-19 11:10:08 #2 store] 
Database 'C:\Users\carre\git\SI-Bets_galdetegia\src\main\resources\bets.temp' is opened by 16016@MSI

[2023-10-19 11:10:08 #3 type] 
Type domain.Aukera is not enhanced.

[2023-10-19 11:10:08 #4 type] 
Type domain.Apustua is not enhanced.

[2023-10-19 11:10:08 #5 type] 
Type domain.Question is not enhanced.

[2023-10-19 11:10:08 #6 type] 
Type domain.Event is not enhanced.

[2023-10-19 11:10:08 #7 type] 
Type domain.User is not enhanced.

[2023-10-19 11:10:08 #8 type] 
Type domain.Erregistratua is not enhanced.

[2023-10-19 11:10:08 #9 type] 
Type domain.Mezua is not enhanced.

[2023-10-19 11:10:08 #10 type] 
Type domain.Mugimendua is not enhanced.

[2023-10-19 11:10:08 #11 type] 
Type domain.Admin is not enhanced.

[2023-10-19 11:10:08 #12 type] 
Type domain.Editorea is not enhanced.

------------------------------------------------------------------------------------------------------------------------

[2023-10-19 11:10:41 #1 store] 
Database 'C:\Users\carre\git\SI-Bets_galdetegia\src\main\resources\bets.temp' has been recovered (tr. 3022-3023)

[2023-10-19 11:10:41 #2 store] 
Database 'C:\Users\carre\git\SI-Bets_galdetegia\src\main\resources\bets.temp' is opened by 16280@MSI

[2023-10-19 11:10:41 #3 type] 
Type domain.Aukera is not enhanced.

[2023-10-19 11:10:41 #4 type] 
Type domain.Apustua is not enhanced.

[2023-10-19 11:10:41 #5 type] 
Type domain.Question is not enhanced.

[2023-10-19 11:10:41 #6 type] 
Type domain.Event is not enhanced.

[2023-10-19 11:10:41 #7 type] 
Type domain.User is not enhanced.

[2023-10-19 11:10:41 #8 type] 
Type domain.Erregistratua is not enhanced.

[2023-10-19 11:10:41 #9 type] 
Type domain.Mezua is not enhanced.

[2023-10-19 11:10:41 #10 type] 
Type domain.Mugimendua is not enhanced.

[2023-10-19 11:10:41 #11 type] 
Type domain.Admin is not enhanced.

[2023-10-19 11:10:41 #12 type] 
Type domain.Editorea is not enhanced.

------------------------------------------------------------------------------------------------------------------------

[2023-10-19 11:11:10 #1 store] 
Database 'C:\Users\carre\git\SI-Bets_galdetegia\src\main\resources\bets.temp' has been recovered (tr. 3024-3027)

[2023-10-19 11:11:10 #2 store] 
Database 'C:\Users\carre\git\SI-Bets_galdetegia\src\main\resources\bets.temp' is opened by 15152@MSI

[2023-10-19 11:11:10 #3 type] 
Type domain.Aukera is not enhanced.

[2023-10-19 11:11:10 #4 type] 
Type domain.Apustua is not enhanced.

[2023-10-19 11:11:10 #5 type] 
Type domain.Question is not enhanced.

[2023-10-19 11:11:10 #6 type] 
Type domain.Event is not enhanced.

[2023-10-19 11:11:10 #7 type] 
Type domain.User is not enhanced.

[2023-10-19 11:11:10 #8 type] 
Type domain.Erregistratua is not enhanced.

[2023-10-19 11:11:10 #9 type] 
Type domain.Mezua is not enhanced.

[2023-10-19 11:11:10 #10 type] 
Type domain.Mugimendua is not enhanced.

[2023-10-19 11:11:10 #11 type] 
Type domain.Admin is not enhanced.

[2023-10-19 11:11:10 #12 type] 
Type domain.Editorea is not enhanced.

------------------------------------------------------------------------------------------------------------------------

[2023-10-19 11:11:39 #1 store] 
Database 'C:\Users\carre\git\SI-Bets_galdetegia\src\main\resources\bets.temp' has been recovered (tr. 3028-3031)

[2023-10-19 11:11:39 #2 store] 
Database 'C:\Users\carre\git\SI-Bets_galdetegia\src\main\resources\bets.temp' is opened by 14588@MSI

[2023-10-19 11:11:39 #3 type] 
Type domain.Aukera is not enhanced.

[2023-10-19 11:11:39 #4 type] 
Type domain.Apustua is not enhanced.

[2023-10-19 11:11:39 #5 type] 
Type domain.Question is not enhanced.

[2023-10-19 11:11:39 #6 type] 
Type domain.Event is not enhanced.

[2023-10-19 11:11:39 #7 type] 
Type domain.User is not enhanced.

[2023-10-19 11:11:39 #8 type] 
Type domain.Erregistratua is not enhanced.

[2023-10-19 11:11:39 #9 type] 
Type domain.Mezua is not enhanced.

[2023-10-19 11:11:39 #10 type] 
Type domain.Mugimendua is not enhanced.

[2023-10-19 11:11:39 #11 type] 
Type domain.Admin is not enhanced.

[2023-10-19 11:11:39 #12 type] 
Type domain.Editorea is not enhanced.

------------------------------------------------------------------------------------------------------------------------

[2023-10-19 11:12:22 #1 store] 
Database 'C:\Users\carre\git\SI-Bets_galdetegia\src\main\resources\bets.temp' has been recovered (tr. 3032-3038)

[2023-10-19 11:12:22 #2 store] 
Database 'C:\Users\carre\git\SI-Bets_galdetegia\src\main\resources\bets.temp' is opened by 13756@MSI

[2023-10-19 11:12:22 #3 type] 
Type domain.Aukera is not enhanced.

[2023-10-19 11:12:22 #4 type] 
Type domain.Apustua is not enhanced.

[2023-10-19 11:12:22 #5 type] 
Type domain.Question is not enhanced.

[2023-10-19 11:12:22 #6 type] 
Type domain.Event is not enhanced.

[2023-10-19 11:12:22 #7 type] 
Type domain.User is not enhanced.

[2023-10-19 11:12:22 #8 type] 
Type domain.Erregistratua is not enhanced.

[2023-10-19 11:12:22 #9 type] 
Type domain.Mezua is not enhanced.

[2023-10-19 11:12:22 #10 type] 
Type domain.Mugimendua is not enhanced.

[2023-10-19 11:12:22 #11 type] 
Type domain.Admin is not enhanced.

[2023-10-19 11:12:22 #12 type] 
Type domain.Editorea is not enhanced.

