------------------------------------------------------------------------------------------------------------------------

[2023-10-08 09:52:22 #1 store] 
Database 'C:\Users\larbu\git\SI-Bets\src\main\resources\bets.temp' has been recovered (tr. 188-198)

[2023-10-08 09:52:22 #2 store] 
Database 'C:\Users\larbu\git\SI-Bets\src\main\resources\bets.temp' is opened by 9124@LAPTOP-6EQJO4RK

[2023-10-08 09:52:22 #3 type] 
Type domain.Event is not enhanced.

[2023-10-08 09:52:22 #4 type] 
Type domain.Question is not enhanced.

[2023-10-08 09:52:22 #5 type] 
Type domain.Aukera is not enhanced.

[2023-10-08 09:52:22 #6 type] 
Type domain.Apustua is not enhanced.

[2023-10-08 09:52:22 #7 type] 
Type domain.User is not enhanced.

[2023-10-08 09:52:22 #8 type] 
Type domain.Erregistratua is not enhanced.

[2023-10-08 09:52:22 #9 type] 
Type domain.Mezua is not enhanced.

[2023-10-08 09:52:22 #10 type] 
Type domain.Mugimendua is not enhanced.

[2023-10-08 09:52:22 #11 type] 
Type domain.Admin is not enhanced.

[2023-10-08 09:52:22 #12 type] 
Type domain.Editorea is not enhanced.

------------------------------------------------------------------------------------------------------------------------

[2023-10-08 09:57:11 #1 store] 
Database 'C:\Users\larbu\git\SI-Bets\src\main\resources\bets.temp' has been recovered (tr. 200-202)

[2023-10-08 09:57:11 #2 store] 
Database 'C:\Users\larbu\git\SI-Bets\src\main\resources\bets.temp' is opened by 2028@LAPTOP-6EQJO4RK

[2023-10-08 09:57:11 #3 type] 
Type domain.Event is not enhanced.

[2023-10-08 09:57:11 #4 type] 
Type domain.Question is not enhanced.

[2023-10-08 09:57:11 #5 type] 
Type domain.Aukera is not enhanced.

[2023-10-08 09:57:11 #6 type] 
Type domain.Apustua is not enhanced.

[2023-10-08 09:57:11 #7 type] 
Type domain.User is not enhanced.

[2023-10-08 09:57:11 #8 type] 
Type domain.Erregistratua is not enhanced.

[2023-10-08 09:57:11 #9 type] 
Type domain.Mezua is not enhanced.

[2023-10-08 09:57:11 #10 type] 
Type domain.Mugimendua is not enhanced.

[2023-10-08 09:57:11 #11 type] 
Type domain.Admin is not enhanced.

[2023-10-08 09:57:11 #12 type] 
Type domain.Editorea is not enhanced.

------------------------------------------------------------------------------------------------------------------------

[2023-10-08 09:58:02 #1 store] 
Database 'C:\Users\larbu\git\SI-Bets\src\main\resources\bets.temp' has been recovered (tr. 203-206)

[2023-10-08 09:58:02 #2 store] 
Database 'C:\Users\larbu\git\SI-Bets\src\main\resources\bets.temp' is opened by 26752@LAPTOP-6EQJO4RK

[2023-10-08 09:58:02 #3 type] 
Type domain.Event is not enhanced.

[2023-10-08 09:58:02 #4 type] 
Type domain.Question is not enhanced.

[2023-10-08 09:58:02 #5 type] 
Type domain.Aukera is not enhanced.

[2023-10-08 09:58:02 #6 type] 
Type domain.Apustua is not enhanced.

[2023-10-08 09:58:02 #7 type] 
Type domain.User is not enhanced.

[2023-10-08 09:58:02 #8 type] 
Type domain.Erregistratua is not enhanced.

[2023-10-08 09:58:02 #9 type] 
Type domain.Mezua is not enhanced.

[2023-10-08 09:58:02 #10 type] 
Type domain.Mugimendua is not enhanced.

[2023-10-08 09:58:02 #11 type] 
Type domain.Admin is not enhanced.

[2023-10-08 09:58:02 #12 type] 
Type domain.Editorea is not enhanced.

------------------------------------------------------------------------------------------------------------------------

[2023-10-08 09:59:53 #1 store] 
Database 'C:\Users\larbu\git\SI-Bets\src\main\resources\bets.temp' has been recovered (tr. 207-208)

[2023-10-08 09:59:54 #2 store] 
Database 'C:\Users\larbu\git\SI-Bets\src\main\resources\bets.temp' is opened by 16220@LAPTOP-6EQJO4RK

[2023-10-08 09:59:54 #3 type] 
Type domain.Event is not enhanced.

[2023-10-08 09:59:54 #4 type] 
Type domain.Question is not enhanced.

[2023-10-08 09:59:54 #5 type] 
Type domain.Aukera is not enhanced.

[2023-10-08 09:59:54 #6 type] 
Type domain.Apustua is not enhanced.

[2023-10-08 09:59:54 #7 type] 
Type domain.User is not enhanced.

[2023-10-08 09:59:54 #8 type] 
Type domain.Erregistratua is not enhanced.

[2023-10-08 09:59:54 #9 type] 
Type domain.Mezua is not enhanced.

[2023-10-08 09:59:54 #10 type] 
Type domain.Mugimendua is not enhanced.

[2023-10-08 09:59:54 #11 type] 
Type domain.Admin is not enhanced.

[2023-10-08 09:59:54 #12 type] 
Type domain.Editorea is not enhanced.

------------------------------------------------------------------------------------------------------------------------

[2023-10-08 10:00:21 #1 store] 
Database 'C:\Users\larbu\git\SI-Bets\src\main\resources\bets.temp' has been recovered (tr. 209-212)

[2023-10-08 10:00:21 #2 store] 
Database 'C:\Users\larbu\git\SI-Bets\src\main\resources\bets.temp' is opened by 29140@LAPTOP-6EQJO4RK

[2023-10-08 10:00:21 #3 type] 
Type domain.Event is not enhanced.

[2023-10-08 10:00:21 #4 type] 
Type domain.Question is not enhanced.

[2023-10-08 10:00:21 #5 type] 
Type domain.Aukera is not enhanced.

[2023-10-08 10:00:21 #6 type] 
Type domain.Apustua is not enhanced.

[2023-10-08 10:00:21 #7 type] 
Type domain.User is not enhanced.

[2023-10-08 10:00:21 #8 type] 
Type domain.Erregistratua is not enhanced.

[2023-10-08 10:00:21 #9 type] 
Type domain.Mezua is not enhanced.

[2023-10-08 10:00:21 #10 type] 
Type domain.Mugimendua is not enhanced.

[2023-10-08 10:00:21 #11 type] 
Type domain.Admin is not enhanced.

[2023-10-08 10:00:21 #12 type] 
Type domain.Editorea is not enhanced.

------------------------------------------------------------------------------------------------------------------------

[2023-10-08 10:01:08 #1 store] 
Database 'C:\Users\larbu\git\SI-Bets\src\main\resources\bets.temp' has been recovered (tr. 213-214)

[2023-10-08 10:01:08 #2 store] 
Database 'C:\Users\larbu\git\SI-Bets\src\main\resources\bets.temp' is opened by 23812@LAPTOP-6EQJO4RK

[2023-10-08 10:01:08 #3 type] 
Type domain.Event is not enhanced.

[2023-10-08 10:01:08 #4 type] 
Type domain.Question is not enhanced.

[2023-10-08 10:01:08 #5 type] 
Type domain.Aukera is not enhanced.

[2023-10-08 10:01:08 #6 type] 
Type domain.Apustua is not enhanced.

[2023-10-08 10:01:08 #7 type] 
Type domain.User is not enhanced.

[2023-10-08 10:01:08 #8 type] 
Type domain.Erregistratua is not enhanced.

[2023-10-08 10:01:08 #9 type] 
Type domain.Mezua is not enhanced.

[2023-10-08 10:01:08 #10 type] 
Type domain.Mugimendua is not enhanced.

[2023-10-08 10:01:08 #11 type] 
Type domain.Admin is not enhanced.

[2023-10-08 10:01:08 #12 type] 
Type domain.Editorea is not enhanced.

------------------------------------------------------------------------------------------------------------------------

[2023-10-08 10:01:52 #1 store] 
Database 'C:\Users\larbu\git\SI-Bets\src\main\resources\bets.temp' has been recovered (tr. 215-216)

[2023-10-08 10:01:52 #2 store] 
Database 'C:\Users\larbu\git\SI-Bets\src\main\resources\bets.temp' is opened by 3476@LAPTOP-6EQJO4RK

[2023-10-08 10:01:52 #3 type] 
Type domain.Event is not enhanced.

[2023-10-08 10:01:52 #4 type] 
Type domain.Question is not enhanced.

[2023-10-08 10:01:52 #5 type] 
Type domain.Aukera is not enhanced.

[2023-10-08 10:01:52 #6 type] 
Type domain.Apustua is not enhanced.

[2023-10-08 10:01:52 #7 type] 
Type domain.User is not enhanced.

[2023-10-08 10:01:52 #8 type] 
Type domain.Erregistratua is not enhanced.

[2023-10-08 10:01:52 #9 type] 
Type domain.Mezua is not enhanced.

[2023-10-08 10:01:52 #10 type] 
Type domain.Mugimendua is not enhanced.

[2023-10-08 10:01:52 #11 type] 
Type domain.Admin is not enhanced.

[2023-10-08 10:01:52 #12 type] 
Type domain.Editorea is not enhanced.

------------------------------------------------------------------------------------------------------------------------

[2023-10-08 10:02:36 #1 store] 
Database 'C:\Users\larbu\git\SI-Bets\src\main\resources\bets.temp' has been recovered (tr. 217-218)

[2023-10-08 10:02:36 #2 store] 
Database 'C:\Users\larbu\git\SI-Bets\src\main\resources\bets.temp' is opened by 26040@LAPTOP-6EQJO4RK

[2023-10-08 10:02:36 #3 type] 
Type domain.Event is not enhanced.

[2023-10-08 10:02:36 #4 type] 
Type domain.Question is not enhanced.

[2023-10-08 10:02:36 #5 type] 
Type domain.Aukera is not enhanced.

[2023-10-08 10:02:36 #6 type] 
Type domain.Apustua is not enhanced.

[2023-10-08 10:02:36 #7 type] 
Type domain.User is not enhanced.

[2023-10-08 10:02:36 #8 type] 
Type domain.Erregistratua is not enhanced.

[2023-10-08 10:02:36 #9 type] 
Type domain.Mezua is not enhanced.

[2023-10-08 10:02:36 #10 type] 
Type domain.Mugimendua is not enhanced.

[2023-10-08 10:02:36 #11 type] 
Type domain.Admin is not enhanced.

[2023-10-08 10:02:36 #12 type] 
Type domain.Editorea is not enhanced.

------------------------------------------------------------------------------------------------------------------------

[2023-10-08 10:02:48 #1 store] 
Database 'C:\Users\larbu\git\SI-Bets\src\main\resources\bets.temp' has been recovered (tr. 219-223)

[2023-10-08 10:02:48 #2 store] 
Database 'C:\Users\larbu\git\SI-Bets\src\main\resources\bets.temp' is opened by 3784@LAPTOP-6EQJO4RK

[2023-10-08 10:02:48 #3 type] 
Type domain.Event is not enhanced.

[2023-10-08 10:02:48 #4 type] 
Type domain.Question is not enhanced.

[2023-10-08 10:02:48 #5 type] 
Type domain.Aukera is not enhanced.

[2023-10-08 10:02:48 #6 type] 
Type domain.Apustua is not enhanced.

[2023-10-08 10:02:48 #7 type] 
Type domain.User is not enhanced.

[2023-10-08 10:02:48 #8 type] 
Type domain.Erregistratua is not enhanced.

[2023-10-08 10:02:48 #9 type] 
Type domain.Mezua is not enhanced.

[2023-10-08 10:02:48 #10 type] 
Type domain.Mugimendua is not enhanced.

[2023-10-08 10:02:48 #11 type] 
Type domain.Admin is not enhanced.

[2023-10-08 10:02:48 #12 type] 
Type domain.Editorea is not enhanced.

------------------------------------------------------------------------------------------------------------------------

[2023-10-08 10:10:09 #1 store] 
Database 'C:\Users\larbu\git\SI-Bets\src\main\resources\bets.temp' has been recovered (tr. 224-228)

[2023-10-08 10:10:09 #2 store] 
Database 'C:\Users\larbu\git\SI-Bets\src\main\resources\bets.temp' is opened by 11248@LAPTOP-6EQJO4RK

[2023-10-08 10:10:09 #3 type] 
Type domain.Event is not enhanced.

[2023-10-08 10:10:09 #4 type] 
Type domain.Question is not enhanced.

[2023-10-08 10:10:09 #5 type] 
Type domain.Aukera is not enhanced.

[2023-10-08 10:10:09 #6 type] 
Type domain.Apustua is not enhanced.

[2023-10-08 10:10:09 #7 type] 
Type domain.User is not enhanced.

[2023-10-08 10:10:09 #8 type] 
Type domain.Erregistratua is not enhanced.

[2023-10-08 10:10:09 #9 type] 
Type domain.Mezua is not enhanced.

[2023-10-08 10:10:09 #10 type] 
Type domain.Mugimendua is not enhanced.

[2023-10-08 10:10:09 #11 type] 
Type domain.Admin is not enhanced.

[2023-10-08 10:10:09 #12 type] 
Type domain.Editorea is not enhanced.

------------------------------------------------------------------------------------------------------------------------

[2023-10-08 10:13:39 #1 store] 
Database 'C:\Users\larbu\git\SI-Bets\src\main\resources\bets.temp' has been recovered (tr. 229-236)

[2023-10-08 10:13:39 #2 store] 
Database 'C:\Users\larbu\git\SI-Bets\src\main\resources\bets.temp' is opened by 11004@LAPTOP-6EQJO4RK

[2023-10-08 10:13:39 #3 type] 
Type domain.Event is not enhanced.

[2023-10-08 10:13:39 #4 type] 
Type domain.Question is not enhanced.

[2023-10-08 10:13:39 #5 type] 
Type domain.Aukera is not enhanced.

[2023-10-08 10:13:39 #6 type] 
Type domain.Apustua is not enhanced.

[2023-10-08 10:13:39 #7 type] 
Type domain.User is not enhanced.

[2023-10-08 10:13:39 #8 type] 
Type domain.Erregistratua is not enhanced.

[2023-10-08 10:13:39 #9 type] 
Type domain.Mezua is not enhanced.

[2023-10-08 10:13:39 #10 type] 
Type domain.Mugimendua is not enhanced.

[2023-10-08 10:13:39 #11 type] 
Type domain.Admin is not enhanced.

[2023-10-08 10:13:39 #12 type] 
Type domain.Editorea is not enhanced.

------------------------------------------------------------------------------------------------------------------------

[2023-10-08 10:17:15 #1 store] 
Database 'C:\Users\larbu\git\SI-Bets\src\main\resources\bets.temp' has been recovered (tr. 237-244)

[2023-10-08 10:17:15 #2 store] 
Database 'C:\Users\larbu\git\SI-Bets\src\main\resources\bets.temp' is opened by 17372@LAPTOP-6EQJO4RK

[2023-10-08 10:17:15 #3 type] 
Type domain.Event is not enhanced.

[2023-10-08 10:17:15 #4 type] 
Type domain.Question is not enhanced.

[2023-10-08 10:17:15 #5 type] 
Type domain.Aukera is not enhanced.

[2023-10-08 10:17:15 #6 type] 
Type domain.Apustua is not enhanced.

[2023-10-08 10:17:15 #7 type] 
Type domain.User is not enhanced.

[2023-10-08 10:17:15 #8 type] 
Type domain.Erregistratua is not enhanced.

[2023-10-08 10:17:15 #9 type] 
Type domain.Mezua is not enhanced.

[2023-10-08 10:17:15 #10 type] 
Type domain.Mugimendua is not enhanced.

[2023-10-08 10:17:15 #11 type] 
Type domain.Admin is not enhanced.

[2023-10-08 10:17:15 #12 type] 
Type domain.Editorea is not enhanced.

------------------------------------------------------------------------------------------------------------------------

[2023-10-08 10:18:27 #1 store] 
Database 'C:\Users\larbu\git\SI-Bets\src\main\resources\bets.temp' has been recovered (tr. 245-252)

[2023-10-08 10:18:27 #2 store] 
Database 'C:\Users\larbu\git\SI-Bets\src\main\resources\bets.temp' is opened by 11316@LAPTOP-6EQJO4RK

[2023-10-08 10:18:27 #3 type] 
Type domain.Event is not enhanced.

[2023-10-08 10:18:27 #4 type] 
Type domain.Question is not enhanced.

[2023-10-08 10:18:27 #5 type] 
Type domain.Aukera is not enhanced.

[2023-10-08 10:18:27 #6 type] 
Type domain.Apustua is not enhanced.

[2023-10-08 10:18:27 #7 type] 
Type domain.User is not enhanced.

[2023-10-08 10:18:27 #8 type] 
Type domain.Erregistratua is not enhanced.

[2023-10-08 10:18:27 #9 type] 
Type domain.Mezua is not enhanced.

[2023-10-08 10:18:27 #10 type] 
Type domain.Mugimendua is not enhanced.

[2023-10-08 10:18:27 #11 type] 
Type domain.Admin is not enhanced.

[2023-10-08 10:18:27 #12 type] 
Type domain.Editorea is not enhanced.

------------------------------------------------------------------------------------------------------------------------

[2023-10-08 10:18:46 #1 store] 
Database 'C:\Users\larbu\git\SI-Bets\src\main\resources\bets.temp' has been recovered (tr. 253-260)

[2023-10-08 10:18:46 #2 store] 
Database 'C:\Users\larbu\git\SI-Bets\src\main\resources\bets.temp' is opened by 8480@LAPTOP-6EQJO4RK

[2023-10-08 10:18:46 #3 type] 
Type domain.Event is not enhanced.

[2023-10-08 10:18:46 #4 type] 
Type domain.Question is not enhanced.

[2023-10-08 10:18:46 #5 type] 
Type domain.Aukera is not enhanced.

[2023-10-08 10:18:46 #6 type] 
Type domain.Apustua is not enhanced.

[2023-10-08 10:18:46 #7 type] 
Type domain.User is not enhanced.

[2023-10-08 10:18:46 #8 type] 
Type domain.Erregistratua is not enhanced.

[2023-10-08 10:18:46 #9 type] 
Type domain.Mezua is not enhanced.

[2023-10-08 10:18:46 #10 type] 
Type domain.Mugimendua is not enhanced.

[2023-10-08 10:18:46 #11 type] 
Type domain.Admin is not enhanced.

[2023-10-08 10:18:46 #12 type] 
Type domain.Editorea is not enhanced.

------------------------------------------------------------------------------------------------------------------------

[2023-10-08 10:19:03 #1 store] 
Database 'C:\Users\larbu\git\SI-Bets\src\main\resources\bets.temp' has been recovered (tr. 261-268)

[2023-10-08 10:19:03 #2 store] 
Database 'C:\Users\larbu\git\SI-Bets\src\main\resources\bets.temp' is opened by 23328@LAPTOP-6EQJO4RK

[2023-10-08 10:19:03 #3 type] 
Type domain.Event is not enhanced.

[2023-10-08 10:19:03 #4 type] 
Type domain.Question is not enhanced.

[2023-10-08 10:19:03 #5 type] 
Type domain.Aukera is not enhanced.

[2023-10-08 10:19:03 #6 type] 
Type domain.Apustua is not enhanced.

[2023-10-08 10:19:03 #7 type] 
Type domain.User is not enhanced.

[2023-10-08 10:19:03 #8 type] 
Type domain.Erregistratua is not enhanced.

[2023-10-08 10:19:03 #9 type] 
Type domain.Mezua is not enhanced.

[2023-10-08 10:19:03 #10 type] 
Type domain.Mugimendua is not enhanced.

[2023-10-08 10:19:03 #11 type] 
Type domain.Admin is not enhanced.

[2023-10-08 10:19:03 #12 type] 
Type domain.Editorea is not enhanced.

------------------------------------------------------------------------------------------------------------------------

[2023-10-08 10:19:12 #1 store] 
Database 'C:\Users\larbu\git\SI-Bets\src\main\resources\bets.temp' has been recovered (tr. 269-276)

[2023-10-08 10:19:12 #2 store] 
Database 'C:\Users\larbu\git\SI-Bets\src\main\resources\bets.temp' is opened by 29244@LAPTOP-6EQJO4RK

[2023-10-08 10:19:12 #3 type] 
Type domain.Event is not enhanced.

[2023-10-08 10:19:12 #4 type] 
Type domain.Question is not enhanced.

[2023-10-08 10:19:12 #5 type] 
Type domain.Aukera is not enhanced.

[2023-10-08 10:19:12 #6 type] 
Type domain.Apustua is not enhanced.

[2023-10-08 10:19:12 #7 type] 
Type domain.User is not enhanced.

[2023-10-08 10:19:12 #8 type] 
Type domain.Erregistratua is not enhanced.

[2023-10-08 10:19:12 #9 type] 
Type domain.Mezua is not enhanced.

[2023-10-08 10:19:12 #10 type] 
Type domain.Mugimendua is not enhanced.

[2023-10-08 10:19:12 #11 type] 
Type domain.Admin is not enhanced.

[2023-10-08 10:19:12 #12 type] 
Type domain.Editorea is not enhanced.

